{"C:\\Users\\pop\\Desktop\\task\\moveBackward.js": {"path":"C:\\Users\\pop\\Desktop\\task\\moveBackward.js","statementMap":{"0":{"start":{"line":2,"column":20},"end":{"line":6,"column":5}},"1":{"start":{"line":7,"column":4},"end":{"line":29,"column":5}},"2":{"start":{"line":9,"column":12},"end":{"line":9,"column":26}},"3":{"start":{"line":10,"column":12},"end":{"line":10,"column":130}},"4":{"start":{"line":11,"column":12},"end":{"line":11,"column":31}},"5":{"start":{"line":14,"column":12},"end":{"line":14,"column":26}},"6":{"start":{"line":15,"column":12},"end":{"line":15,"column":130}},"7":{"start":{"line":16,"column":12},"end":{"line":16,"column":31}},"8":{"start":{"line":19,"column":12},"end":{"line":19,"column":26}},"9":{"start":{"line":20,"column":12},"end":{"line":20,"column":130}},"10":{"start":{"line":21,"column":12},"end":{"line":21,"column":31}},"11":{"start":{"line":24,"column":12},"end":{"line":24,"column":26}},"12":{"start":{"line":25,"column":12},"end":{"line":25,"column":130}},"13":{"start":{"line":26,"column":12},"end":{"line":26,"column":31}},"14":{"start":{"line":28,"column":12},"end":{"line":28,"column":20}},"15":{"start":{"line":31,"column":0},"end":{"line":31,"column":30}}},"fnMap":{"0":{"name":"moveBackward","decl":{"start":{"line":1,"column":9},"end":{"line":1,"column":21}},"loc":{"start":{"line":1,"column":32},"end":{"line":30,"column":1}},"line":1}},"branchMap":{"0":{"loc":{"start":{"line":7,"column":4},"end":{"line":29,"column":5}},"type":"switch","locations":[{"start":{"line":8,"column":8},"end":{"line":11,"column":31}},{"start":{"line":13,"column":8},"end":{"line":16,"column":31}},{"start":{"line":18,"column":8},"end":{"line":21,"column":31}},{"start":{"line":23,"column":8},"end":{"line":26,"column":31}},{"start":{"line":27,"column":8},"end":{"line":28,"column":20}}],"line":7}},"s":{"0":1,"1":1,"2":1,"3":1,"4":1,"5":0,"6":0,"7":0,"8":0,"9":0,"10":0,"11":0,"12":0,"13":0,"14":0,"15":1},"f":{"0":1},"b":{"0":[1,0,0,0,0]},"_coverageSchema":"1a1c01bbd47fc00a2c39e90264f33305004495a9","hash":"2096e0a06dc24f2019ab57c081cafe7b519c8581"}
,"C:\\Users\\pop\\Desktop\\task\\moveForward.js": {"path":"C:\\Users\\pop\\Desktop\\task\\moveForward.js","statementMap":{"0":{"start":{"line":2,"column":26},"end":{"line":2,"column":53}},"1":{"start":{"line":3,"column":20},"end":{"line":8,"column":5}},"2":{"start":{"line":9,"column":4},"end":{"line":95,"column":5}},"3":{"start":{"line":12,"column":12},"end":{"line":19,"column":13}},"4":{"start":{"line":12,"column":22},"end":{"line":12,"column":23}},"5":{"start":{"line":13,"column":16},"end":{"line":18,"column":17}},"6":{"start":{"line":14,"column":20},"end":{"line":14,"column":38}},"7":{"start":{"line":17,"column":20},"end":{"line":17,"column":38}},"8":{"start":{"line":20,"column":12},"end":{"line":28,"column":13}},"9":{"start":{"line":21,"column":16},"end":{"line":21,"column":78}},"10":{"start":{"line":22,"column":16},"end":{"line":22,"column":118}},"11":{"start":{"line":25,"column":16},"end":{"line":25,"column":30}},"12":{"start":{"line":26,"column":16},"end":{"line":26,"column":133}},"13":{"start":{"line":27,"column":16},"end":{"line":27,"column":34}},"14":{"start":{"line":29,"column":12},"end":{"line":29,"column":31}},"15":{"start":{"line":33,"column":12},"end":{"line":40,"column":13}},"16":{"start":{"line":33,"column":22},"end":{"line":33,"column":23}},"17":{"start":{"line":34,"column":16},"end":{"line":39,"column":17}},"18":{"start":{"line":35,"column":20},"end":{"line":35,"column":38}},"19":{"start":{"line":38,"column":20},"end":{"line":38,"column":38}},"20":{"start":{"line":41,"column":12},"end":{"line":49,"column":13}},"21":{"start":{"line":42,"column":16},"end":{"line":42,"column":78}},"22":{"start":{"line":43,"column":16},"end":{"line":43,"column":118}},"23":{"start":{"line":46,"column":16},"end":{"line":46,"column":30}},"24":{"start":{"line":47,"column":16},"end":{"line":47,"column":133}},"25":{"start":{"line":48,"column":16},"end":{"line":48,"column":34}},"26":{"start":{"line":50,"column":12},"end":{"line":50,"column":31}},"27":{"start":{"line":54,"column":12},"end":{"line":61,"column":13}},"28":{"start":{"line":54,"column":22},"end":{"line":54,"column":23}},"29":{"start":{"line":55,"column":16},"end":{"line":60,"column":17}},"30":{"start":{"line":56,"column":20},"end":{"line":56,"column":38}},"31":{"start":{"line":59,"column":20},"end":{"line":59,"column":38}},"32":{"start":{"line":62,"column":12},"end":{"line":70,"column":13}},"33":{"start":{"line":63,"column":16},"end":{"line":63,"column":78}},"34":{"start":{"line":64,"column":16},"end":{"line":64,"column":118}},"35":{"start":{"line":67,"column":16},"end":{"line":67,"column":30}},"36":{"start":{"line":68,"column":16},"end":{"line":68,"column":133}},"37":{"start":{"line":69,"column":16},"end":{"line":69,"column":34}},"38":{"start":{"line":71,"column":12},"end":{"line":71,"column":31}},"39":{"start":{"line":75,"column":12},"end":{"line":82,"column":13}},"40":{"start":{"line":75,"column":22},"end":{"line":75,"column":23}},"41":{"start":{"line":76,"column":16},"end":{"line":81,"column":17}},"42":{"start":{"line":77,"column":20},"end":{"line":77,"column":38}},"43":{"start":{"line":80,"column":20},"end":{"line":80,"column":38}},"44":{"start":{"line":83,"column":12},"end":{"line":91,"column":13}},"45":{"start":{"line":84,"column":16},"end":{"line":84,"column":78}},"46":{"start":{"line":85,"column":16},"end":{"line":85,"column":118}},"47":{"start":{"line":88,"column":16},"end":{"line":88,"column":30}},"48":{"start":{"line":89,"column":16},"end":{"line":89,"column":133}},"49":{"start":{"line":90,"column":16},"end":{"line":90,"column":34}},"50":{"start":{"line":92,"column":12},"end":{"line":92,"column":31}},"51":{"start":{"line":94,"column":12},"end":{"line":94,"column":20}},"52":{"start":{"line":97,"column":0},"end":{"line":97,"column":29}}},"fnMap":{"0":{"name":"moveForward","decl":{"start":{"line":1,"column":9},"end":{"line":1,"column":20}},"loc":{"start":{"line":1,"column":31},"end":{"line":96,"column":1}},"line":1}},"branchMap":{"0":{"loc":{"start":{"line":9,"column":4},"end":{"line":95,"column":5}},"type":"switch","locations":[{"start":{"line":10,"column":8},"end":{"line":29,"column":31}},{"start":{"line":31,"column":8},"end":{"line":50,"column":31}},{"start":{"line":52,"column":8},"end":{"line":71,"column":31}},{"start":{"line":73,"column":8},"end":{"line":92,"column":31}},{"start":{"line":93,"column":8},"end":{"line":94,"column":20}}],"line":9},"1":{"loc":{"start":{"line":13,"column":16},"end":{"line":18,"column":17}},"type":"if","locations":[{"start":{"line":13,"column":16},"end":{"line":18,"column":17}},{"start":{"line":13,"column":16},"end":{"line":18,"column":17}}],"line":13},"2":{"loc":{"start":{"line":20,"column":12},"end":{"line":28,"column":13}},"type":"if","locations":[{"start":{"line":20,"column":12},"end":{"line":28,"column":13}},{"start":{"line":20,"column":12},"end":{"line":28,"column":13}}],"line":20},"3":{"loc":{"start":{"line":34,"column":16},"end":{"line":39,"column":17}},"type":"if","locations":[{"start":{"line":34,"column":16},"end":{"line":39,"column":17}},{"start":{"line":34,"column":16},"end":{"line":39,"column":17}}],"line":34},"4":{"loc":{"start":{"line":41,"column":12},"end":{"line":49,"column":13}},"type":"if","locations":[{"start":{"line":41,"column":12},"end":{"line":49,"column":13}},{"start":{"line":41,"column":12},"end":{"line":49,"column":13}}],"line":41},"5":{"loc":{"start":{"line":55,"column":16},"end":{"line":60,"column":17}},"type":"if","locations":[{"start":{"line":55,"column":16},"end":{"line":60,"column":17}},{"start":{"line":55,"column":16},"end":{"line":60,"column":17}}],"line":55},"6":{"loc":{"start":{"line":62,"column":12},"end":{"line":70,"column":13}},"type":"if","locations":[{"start":{"line":62,"column":12},"end":{"line":70,"column":13}},{"start":{"line":62,"column":12},"end":{"line":70,"column":13}}],"line":62},"7":{"loc":{"start":{"line":76,"column":16},"end":{"line":81,"column":17}},"type":"if","locations":[{"start":{"line":76,"column":16},"end":{"line":81,"column":17}},{"start":{"line":76,"column":16},"end":{"line":81,"column":17}}],"line":76},"8":{"loc":{"start":{"line":83,"column":12},"end":{"line":91,"column":13}},"type":"if","locations":[{"start":{"line":83,"column":12},"end":{"line":91,"column":13}},{"start":{"line":83,"column":12},"end":{"line":91,"column":13}}],"line":83}},"s":{"0":1,"1":1,"2":1,"3":1,"4":1,"5":4,"6":0,"7":4,"8":1,"9":0,"10":0,"11":1,"12":1,"13":1,"14":1,"15":0,"16":0,"17":0,"18":0,"19":0,"20":0,"21":0,"22":0,"23":0,"24":0,"25":0,"26":0,"27":0,"28":0,"29":0,"30":0,"31":0,"32":0,"33":0,"34":0,"35":0,"36":0,"37":0,"38":0,"39":0,"40":0,"41":0,"42":0,"43":0,"44":0,"45":0,"46":0,"47":0,"48":0,"49":0,"50":0,"51":0,"52":1},"f":{"0":1},"b":{"0":[1,0,0,0,0],"1":[0,4],"2":[0,1],"3":[0,0],"4":[0,0],"5":[0,0],"6":[0,0],"7":[0,0],"8":[0,0]},"_coverageSchema":"1a1c01bbd47fc00a2c39e90264f33305004495a9","hash":"6331aaa6cbc3e0aaf10f058ba08322ad1e7c4213"}
,"C:\\Users\\pop\\Desktop\\task\\sum.js": {"path":"C:\\Users\\pop\\Desktop\\task\\sum.js","statementMap":{"0":{"start":{"line":2,"column":4},"end":{"line":2,"column":15}},"1":{"start":{"line":4,"column":0},"end":{"line":4,"column":21}}},"fnMap":{"0":{"name":"sum","decl":{"start":{"line":1,"column":9},"end":{"line":1,"column":12}},"loc":{"start":{"line":1,"column":17},"end":{"line":3,"column":1}},"line":1}},"branchMap":{},"s":{"0":1,"1":1},"f":{"0":1},"b":{},"_coverageSchema":"1a1c01bbd47fc00a2c39e90264f33305004495a9","hash":"eff2822798e391c469224a5a517f8c9788b9c20e"}
,"C:\\Users\\pop\\Desktop\\task\\turnLeft.js": {"path":"C:\\Users\\pop\\Desktop\\task\\turnLeft.js","statementMap":{"0":{"start":{"line":2,"column":20},"end":{"line":6,"column":5}},"1":{"start":{"line":7,"column":4},"end":{"line":26,"column":5}},"2":{"start":{"line":9,"column":12},"end":{"line":9,"column":38}},"3":{"start":{"line":10,"column":12},"end":{"line":10,"column":127}},"4":{"start":{"line":11,"column":12},"end":{"line":11,"column":23}},"5":{"start":{"line":13,"column":12},"end":{"line":13,"column":38}},"6":{"start":{"line":14,"column":12},"end":{"line":14,"column":127}},"7":{"start":{"line":15,"column":12},"end":{"line":15,"column":23}},"8":{"start":{"line":17,"column":12},"end":{"line":17,"column":38}},"9":{"start":{"line":18,"column":12},"end":{"line":18,"column":127}},"10":{"start":{"line":19,"column":12},"end":{"line":19,"column":23}},"11":{"start":{"line":21,"column":12},"end":{"line":21,"column":38}},"12":{"start":{"line":22,"column":12},"end":{"line":22,"column":127}},"13":{"start":{"line":23,"column":12},"end":{"line":23,"column":23}},"14":{"start":{"line":25,"column":12},"end":{"line":25,"column":20}},"15":{"start":{"line":28,"column":0},"end":{"line":28,"column":26}}},"fnMap":{"0":{"name":"turnLeft","decl":{"start":{"line":1,"column":9},"end":{"line":1,"column":17}},"loc":{"start":{"line":1,"column":28},"end":{"line":27,"column":1}},"line":1}},"branchMap":{"0":{"loc":{"start":{"line":7,"column":4},"end":{"line":26,"column":5}},"type":"switch","locations":[{"start":{"line":8,"column":8},"end":{"line":11,"column":23}},{"start":{"line":12,"column":8},"end":{"line":15,"column":23}},{"start":{"line":16,"column":8},"end":{"line":19,"column":23}},{"start":{"line":20,"column":8},"end":{"line":23,"column":23}},{"start":{"line":24,"column":8},"end":{"line":25,"column":20}}],"line":7}},"s":{"0":1,"1":1,"2":1,"3":1,"4":1,"5":0,"6":0,"7":0,"8":0,"9":0,"10":0,"11":0,"12":0,"13":0,"14":0,"15":1},"f":{"0":1},"b":{"0":[1,0,0,0,0]},"_coverageSchema":"1a1c01bbd47fc00a2c39e90264f33305004495a9","hash":"89d2c6bad9cc34a1b75d5fd1e7d712d197eaf50e"}
,"C:\\Users\\pop\\Desktop\\task\\turnRight.js": {"path":"C:\\Users\\pop\\Desktop\\task\\turnRight.js","statementMap":{"0":{"start":{"line":2,"column":20},"end":{"line":6,"column":5}},"1":{"start":{"line":7,"column":4},"end":{"line":26,"column":5}},"2":{"start":{"line":9,"column":12},"end":{"line":9,"column":38}},"3":{"start":{"line":10,"column":12},"end":{"line":10,"column":128}},"4":{"start":{"line":11,"column":12},"end":{"line":11,"column":23}},"5":{"start":{"line":13,"column":12},"end":{"line":13,"column":38}},"6":{"start":{"line":14,"column":12},"end":{"line":14,"column":128}},"7":{"start":{"line":15,"column":12},"end":{"line":15,"column":23}},"8":{"start":{"line":17,"column":12},"end":{"line":17,"column":38}},"9":{"start":{"line":18,"column":12},"end":{"line":18,"column":128}},"10":{"start":{"line":19,"column":12},"end":{"line":19,"column":23}},"11":{"start":{"line":21,"column":12},"end":{"line":21,"column":38}},"12":{"start":{"line":22,"column":12},"end":{"line":22,"column":128}},"13":{"start":{"line":23,"column":12},"end":{"line":23,"column":23}},"14":{"start":{"line":25,"column":12},"end":{"line":25,"column":20}},"15":{"start":{"line":29,"column":0},"end":{"line":29,"column":27}}},"fnMap":{"0":{"name":"turnRight","decl":{"start":{"line":1,"column":9},"end":{"line":1,"column":18}},"loc":{"start":{"line":1,"column":29},"end":{"line":27,"column":1}},"line":1}},"branchMap":{"0":{"loc":{"start":{"line":7,"column":4},"end":{"line":26,"column":5}},"type":"switch","locations":[{"start":{"line":8,"column":8},"end":{"line":11,"column":23}},{"start":{"line":12,"column":8},"end":{"line":15,"column":23}},{"start":{"line":16,"column":8},"end":{"line":19,"column":23}},{"start":{"line":20,"column":8},"end":{"line":23,"column":23}},{"start":{"line":24,"column":8},"end":{"line":25,"column":20}}],"line":7}},"s":{"0":1,"1":1,"2":1,"3":1,"4":1,"5":0,"6":0,"7":0,"8":0,"9":0,"10":0,"11":0,"12":0,"13":0,"14":0,"15":1},"f":{"0":1},"b":{"0":[1,0,0,0,0]},"_coverageSchema":"1a1c01bbd47fc00a2c39e90264f33305004495a9","hash":"8794400faa956d341d60fdbd579ace4fe1db4988"}
}
