TN:
SF:moveBackward.js
FN:1,moveBackward
FNF:1
FNH:1
FNDA:1,moveBackward
DA:2,1
DA:7,1
DA:9,1
DA:10,1
DA:11,1
DA:14,0
DA:15,0
DA:16,0
DA:19,0
DA:20,0
DA:21,0
DA:24,0
DA:25,0
DA:26,0
DA:28,0
DA:31,1
LF:16
LH:6
BRDA:7,0,0,1
BRDA:7,0,1,0
BRDA:7,0,2,0
BRDA:7,0,3,0
BRDA:7,0,4,0
BRF:5
BRH:1
end_of_record
TN:
SF:moveForward.js
FN:1,moveForward
FNF:1
FNH:1
FNDA:1,moveForward
DA:2,1
DA:3,1
DA:9,1
DA:12,1
DA:13,4
DA:14,0
DA:17,4
DA:20,1
DA:21,0
DA:22,0
DA:25,1
DA:26,1
DA:27,1
DA:29,1
DA:33,0
DA:34,0
DA:35,0
DA:38,0
DA:41,0
DA:42,0
DA:43,0
DA:46,0
DA:47,0
DA:48,0
DA:50,0
DA:54,0
DA:55,0
DA:56,0
DA:59,0
DA:62,0
DA:63,0
DA:64,0
DA:67,0
DA:68,0
DA:69,0
DA:71,0
DA:75,0
DA:76,0
DA:77,0
DA:80,0
DA:83,0
DA:84,0
DA:85,0
DA:88,0
DA:89,0
DA:90,0
DA:92,0
DA:94,0
DA:97,1
LF:49
LH:12
BRDA:9,0,0,1
BRDA:9,0,1,0
BRDA:9,0,2,0
BRDA:9,0,3,0
BRDA:9,0,4,0
BRDA:13,1,0,0
BRDA:13,1,1,4
BRDA:20,2,0,0
BRDA:20,2,1,1
BRDA:34,3,0,0
BRDA:34,3,1,0
BRDA:41,4,0,0
BRDA:41,4,1,0
BRDA:55,5,0,0
BRDA:55,5,1,0
BRDA:62,6,0,0
BRDA:62,6,1,0
BRDA:76,7,0,0
BRDA:76,7,1,0
BRDA:83,8,0,0
BRDA:83,8,1,0
BRF:21
BRH:3
end_of_record
TN:
SF:sum.js
FN:1,sum
FNF:1
FNH:1
FNDA:1,sum
DA:2,1
DA:4,1
LF:2
LH:2
BRF:0
BRH:0
end_of_record
TN:
SF:turnLeft.js
FN:1,turnLeft
FNF:1
FNH:1
FNDA:1,turnLeft
DA:2,1
DA:7,1
DA:9,1
DA:10,1
DA:11,1
DA:13,0
DA:14,0
DA:15,0
DA:17,0
DA:18,0
DA:19,0
DA:21,0
DA:22,0
DA:23,0
DA:25,0
DA:28,1
LF:16
LH:6
BRDA:7,0,0,1
BRDA:7,0,1,0
BRDA:7,0,2,0
BRDA:7,0,3,0
BRDA:7,0,4,0
BRF:5
BRH:1
end_of_record
TN:
SF:turnRight.js
FN:1,turnRight
FNF:1
FNH:1
FNDA:1,turnRight
DA:2,1
DA:7,1
DA:9,1
DA:10,1
DA:11,1
DA:13,0
DA:14,0
DA:15,0
DA:17,0
DA:18,0
DA:19,0
DA:21,0
DA:22,0
DA:23,0
DA:25,0
DA:29,1
LF:16
LH:6
BRDA:7,0,0,1
BRDA:7,0,1,0
BRDA:7,0,2,0
BRDA:7,0,3,0
BRDA:7,0,4,0
BRF:5
BRH:1
end_of_record
